<?xml version="1.0" encoding="UTF-8"?>
<!-- Generated by org.testng.reporters.JUnitReportReporter -->
<testsuite hostname="rt-130" failures="0" tests="14" name="com.example.BubbleSortTestNG" time="0.011" errors="0" timestamp="2023-04-23T22:01:10 EEST" skipped="0">
  <testcase classname="com.example.BubbleSortTestNG" name="testBubbleSort" time="0.000"/>
  <system-out/>
  <testcase classname="com.example.BubbleSortTestNG" name="testBubbleSort" time="0.001"/>
  <system-out/>
  <testcase classname="com.example.BubbleSortTestNG" name="testBubbleSort" time="0.001"/>
  <system-out/>
  <testcase classname="com.example.BubbleSortTestNG" name="testBubbleSort" time="0.000"/>
  <system-out/>
  <testcase classname="com.example.BubbleSortTestNG" name="testAlreadySortedArray" time="0.004"/>
  <system-out/>
  <testcase classname="com.example.BubbleSortTestNG" name="testNullArrayThrowsException" time="0.001"/>
  <system-out/>
  <testcase classname="com.example.BubbleSortTestNG" name="testBubbleSort" time="0.000"/>
  <system-out/>
  <testcase classname="com.example.BubbleSortTestNG" name="testBubbleSort" time="0.001"/>
  <system-out/>
  <testcase classname="com.example.BubbleSortTestNG" name="testReverseSortedArray" time="0.000"/>
  <system-out/>
  <testcase classname="com.example.BubbleSortTestNG" name="testBubbleSort" time="0.002"/>
  <system-out/>
  <testcase classname="com.example.BubbleSortTestNG" name="testAlreadySortedArray" time="0.000"/>
  <system-out/>
  <testcase classname="com.example.BubbleSortTestNG" name="testBubbleSort" time="0.001"/>
  <system-out/>
  <testcase classname="com.example.BubbleSortTestNG" name="testNullArrayThrowsException" time="0.000"/>
  <system-out/>
  <testcase classname="com.example.BubbleSortTestNG" name="testReverseSortedArray" time="0.000"/>
  <system-out/>
</testsuite> <!-- com.example.BubbleSortTestNG -->
